2020-04-20 17:12:00.342  INFO 38745 --- [main] c.j.s.SpringBootActuatorApplicationTests : Starting SpringBootActuatorApplicationTests on VNG-MacBook-Pro.local with PID 38745 (started by vivekanandgautam in /Users/vivekanandgautam/Gautam/Workspace/IdeaWorkspace/spring-boot-wrapper/spring-boot-actuator)
2020-04-20 17:12:00.343  INFO 38745 --- [main] c.j.s.SpringBootActuatorApplicationTests : No active profile set, falling back to default profiles: default
2020-04-20 17:12:01.329  INFO 38745 --- [main] .s.d.r.c.RepositoryConfigurationDelegate : Bootstrapping Spring Data JPA repositories in DEFAULT mode.
2020-04-20 17:12:01.353  INFO 38745 --- [main] .s.d.r.c.RepositoryConfigurationDelegate : Finished Spring Data repository scanning in 14ms. Found 0 JPA repository interfaces.
2020-04-20 17:12:01.945  INFO 38745 --- [main] com.zaxxer.hikari.HikariDataSource       : HikariPool-1 - Starting...
2020-04-20 17:12:02.169  INFO 38745 --- [main] com.zaxxer.hikari.HikariDataSource       : HikariPool-1 - Start completed.
2020-04-20 17:12:02.257  INFO 38745 --- [main] o.hibernate.jpa.internal.util.LogHelper  : HHH000204: Processing PersistenceUnitInfo [name: default]
2020-04-20 17:12:02.348  INFO 38745 --- [main] org.hibernate.Version                    : HHH000412: Hibernate ORM core version 5.4.12.Final
2020-04-20 17:12:02.534  INFO 38745 --- [main] o.hibernate.annotations.common.Version   : HCANN000001: Hibernate Commons Annotations {5.1.0.Final}
2020-04-20 17:12:02.683  INFO 38745 --- [main] org.hibernate.dialect.Dialect            : HHH000400: Using dialect: org.hibernate.dialect.H2Dialect
2020-04-20 17:12:02.960  INFO 38745 --- [main] o.h.e.t.j.p.i.JtaPlatformInitiator       : HHH000490: Using JtaPlatform implementation: [org.hibernate.engine.transaction.jta.platform.internal.NoJtaPlatform]
2020-04-20 17:12:02.969  INFO 38745 --- [main] j.LocalContainerEntityManagerFactoryBean : Initialized JPA EntityManagerFactory for persistence unit 'default'
2020-04-20 17:12:03.036  WARN 38745 --- [main] JpaBaseConfiguration$JpaWebConfiguration : spring.jpa.open-in-view is enabled by default. Therefore, database queries may be performed during view rendering. Explicitly configure spring.jpa.open-in-view to disable this warning
2020-04-20 17:12:03.522  INFO 38745 --- [main] o.s.s.web.DefaultSecurityFilterChain     : Creating filter chain: any request, [org.springframework.security.web.context.request.async.WebAsyncManagerIntegrationFilter@751686aa, org.springframework.security.web.context.SecurityContextPersistenceFilter@1255de25, org.springframework.security.web.header.HeaderWriterFilter@4c41a177, org.springframework.security.web.authentication.logout.LogoutFilter@17df689e, org.springframework.security.web.savedrequest.RequestCacheAwareFilter@4fc3529, org.springframework.security.web.servletapi.SecurityContextHolderAwareRequestFilter@35ceec81, org.springframework.security.web.authentication.AnonymousAuthenticationFilter@638977e0, org.springframework.security.web.session.SessionManagementFilter@42e202d7, org.springframework.security.web.access.ExceptionTranslationFilter@25e6c22a, org.springframework.security.web.access.intercept.FilterSecurityInterceptor@2f0cab82]
2020-04-20 17:12:03.981  INFO 38745 --- [main] o.s.s.concurrent.ThreadPoolTaskExecutor  : Initializing ExecutorService 'applicationTaskExecutor'
2020-04-20 17:12:04.594  INFO 38745 --- [main] o.s.s.c.ThreadPoolTaskScheduler          : Initializing ExecutorService
2020-04-20 17:12:04.786  INFO 38745 --- [main] c.j.s.SpringBootActuatorApplicationTests : Started SpringBootActuatorApplicationTests in 9.877 seconds (JVM running for 11.318)
2020-04-20 17:12:04.852 ERROR 38745 --- [registrationTask1] o.s.s.s.TaskUtils$LoggingErrorHandler    : Unexpected error occurred in scheduled task

java.lang.IllegalStateException: couldn't determine local port. Please set spring.boot.admin.client.instance.service-base-url.
	at de.codecentric.boot.admin.client.registration.DefaultApplicationFactory.getLocalServerPort(DefaultApplicationFactory.java:192) ~[spring-boot-admin-client-2.2.1.jar:2.2.1]
	at de.codecentric.boot.admin.client.registration.DefaultApplicationFactory.getServiceBaseUrl(DefaultApplicationFactory.java:104) ~[spring-boot-admin-client-2.2.1.jar:2.2.1]
	at de.codecentric.boot.admin.client.registration.ServletApplicationFactory.getServiceUrl(ServletApplicationFactory.java:63) ~[spring-boot-admin-client-2.2.1.jar:2.2.1]
	at de.codecentric.boot.admin.client.registration.ServletApplicationFactory.getManagementBaseUrl(ServletApplicationFactory.java:76) ~[spring-boot-admin-client-2.2.1.jar:2.2.1]
	at de.codecentric.boot.admin.client.registration.DefaultApplicationFactory.getHealthUrl(DefaultApplicationFactory.java:154) ~[spring-boot-admin-client-2.2.1.jar:2.2.1]
	at de.codecentric.boot.admin.client.registration.DefaultApplicationFactory.createApplication(DefaultApplicationFactory.java:80) ~[spring-boot-admin-client-2.2.1.jar:2.2.1]
	at de.codecentric.boot.admin.client.registration.ApplicationRegistrator.register(ApplicationRegistrator.java:58) ~[spring-boot-admin-client-2.2.1.jar:2.2.1]
	at org.springframework.scheduling.support.DelegatingErrorHandlingRunnable.run(DelegatingErrorHandlingRunnable.java:54) ~[spring-context-5.2.5.RELEASE.jar:5.2.5.RELEASE]
	at java.base/java.util.concurrent.Executors$RunnableAdapter.call(Executors.java:515) ~[na:na]
	at java.base/java.util.concurrent.FutureTask.runAndReset(FutureTask.java:305) ~[na:na]
	at java.base/java.util.concurrent.ScheduledThreadPoolExecutor$ScheduledFutureTask.run(ScheduledThreadPoolExecutor.java:305) ~[na:na]
	at java.base/java.util.concurrent.ThreadPoolExecutor.runWorker(ThreadPoolExecutor.java:1128) ~[na:na]
	at java.base/java.util.concurrent.ThreadPoolExecutor$Worker.run(ThreadPoolExecutor.java:628) ~[na:na]
	at java.base/java.lang.Thread.run(Thread.java:830) ~[na:na]

2020-04-20 17:12:05.295  INFO 38745 --- [SpringContextShutdownHook] o.s.s.c.ThreadPoolTaskScheduler          : Shutting down ExecutorService
2020-04-20 17:12:05.296  INFO 38745 --- [SpringContextShutdownHook] o.s.s.concurrent.ThreadPoolTaskExecutor  : Shutting down ExecutorService 'applicationTaskExecutor'
2020-04-20 17:12:05.300  INFO 38745 --- [SpringContextShutdownHook] j.LocalContainerEntityManagerFactoryBean : Closing JPA EntityManagerFactory for persistence unit 'default'
2020-04-20 17:12:05.301  INFO 38745 --- [SpringContextShutdownHook] .SchemaDropperImpl$DelayedDropActionImpl : HHH000477: Starting delayed evictData of schema as part of SessionFactory shut-down'
2020-04-20 17:12:05.315  INFO 38745 --- [SpringContextShutdownHook] com.zaxxer.hikari.HikariDataSource       : HikariPool-1 - Shutdown initiated...
2020-04-20 17:12:05.324  INFO 38745 --- [SpringContextShutdownHook] com.zaxxer.hikari.HikariDataSource       : HikariPool-1 - Shutdown completed.
2020-04-20 17:12:55.988  INFO 38793 --- [main] c.j.s.SpringBootActuatorApplication      : Starting SpringBootActuatorApplication on VNG-MacBook-Pro.local with PID 38793 (/Users/vivekanandgautam/Gautam/Workspace/IdeaWorkspace/spring-boot-wrapper/spring-boot-actuator/target/classes started by vivekanandgautam in /Users/vivekanandgautam/Gautam/Workspace/IdeaWorkspace/spring-boot-wrapper/spring-boot-actuator)
2020-04-20 17:12:55.990  INFO 38793 --- [main] c.j.s.SpringBootActuatorApplication      : No active profile set, falling back to default profiles: default
2020-04-20 17:12:56.803  INFO 38793 --- [main] .s.d.r.c.RepositoryConfigurationDelegate : Bootstrapping Spring Data JPA repositories in DEFAULT mode.
2020-04-20 17:12:56.824  INFO 38793 --- [main] .s.d.r.c.RepositoryConfigurationDelegate : Finished Spring Data repository scanning in 12ms. Found 0 JPA repository interfaces.
2020-04-20 17:12:57.386  INFO 38793 --- [main] o.s.b.w.embedded.tomcat.TomcatWebServer  : Tomcat initialized with port(s): 9091 (http)
2020-04-20 17:12:57.398  INFO 38793 --- [main] o.apache.catalina.core.StandardService   : Starting service [Tomcat]
2020-04-20 17:12:57.398  INFO 38793 --- [main] org.apache.catalina.core.StandardEngine  : Starting Servlet engine: [Apache Tomcat/9.0.33]
2020-04-20 17:12:57.497  INFO 38793 --- [main] o.a.c.c.C.[Tomcat].[localhost].[/]       : Initializing Spring embedded WebApplicationContext
2020-04-20 17:12:57.498  INFO 38793 --- [main] o.s.web.context.ContextLoader            : Root WebApplicationContext: initialization completed in 1468 ms
2020-04-20 17:12:57.685  INFO 38793 --- [main] com.zaxxer.hikari.HikariDataSource       : HikariPool-1 - Starting...
2020-04-20 17:12:57.845  INFO 38793 --- [main] com.zaxxer.hikari.HikariDataSource       : HikariPool-1 - Start completed.
2020-04-20 17:12:57.892  INFO 38793 --- [main] o.hibernate.jpa.internal.util.LogHelper  : HHH000204: Processing PersistenceUnitInfo [name: default]
2020-04-20 17:12:57.967  INFO 38793 --- [main] org.hibernate.Version                    : HHH000412: Hibernate ORM core version 5.4.12.Final
2020-04-20 17:12:58.084  INFO 38793 --- [main] o.hibernate.annotations.common.Version   : HCANN000001: Hibernate Commons Annotations {5.1.0.Final}
2020-04-20 17:12:58.196  INFO 38793 --- [main] org.hibernate.dialect.Dialect            : HHH000400: Using dialect: org.hibernate.dialect.H2Dialect
2020-04-20 17:12:58.392  INFO 38793 --- [main] o.h.e.t.j.p.i.JtaPlatformInitiator       : HHH000490: Using JtaPlatform implementation: [org.hibernate.engine.transaction.jta.platform.internal.NoJtaPlatform]
2020-04-20 17:12:58.399  INFO 38793 --- [main] j.LocalContainerEntityManagerFactoryBean : Initialized JPA EntityManagerFactory for persistence unit 'default'
2020-04-20 17:12:58.434  WARN 38793 --- [main] JpaBaseConfiguration$JpaWebConfiguration : spring.jpa.open-in-view is enabled by default. Therefore, database queries may be performed during view rendering. Explicitly configure spring.jpa.open-in-view to disable this warning
2020-04-20 17:12:58.592  INFO 38793 --- [main] o.s.s.web.DefaultSecurityFilterChain     : Creating filter chain: any request, [org.springframework.security.web.context.request.async.WebAsyncManagerIntegrationFilter@5f2b9da8, org.springframework.security.web.context.SecurityContextPersistenceFilter@7f53fc38, org.springframework.security.web.header.HeaderWriterFilter@77cd235b, org.springframework.security.web.authentication.logout.LogoutFilter@7c9372ed, org.springframework.security.web.savedrequest.RequestCacheAwareFilter@2d38db6f, org.springframework.security.web.servletapi.SecurityContextHolderAwareRequestFilter@627acb38, org.springframework.security.web.authentication.AnonymousAuthenticationFilter@698ac187, org.springframework.security.web.session.SessionManagementFilter@9bf63d2, org.springframework.security.web.access.ExceptionTranslationFilter@797f97e3, org.springframework.security.web.access.intercept.FilterSecurityInterceptor@61c4cebd]
2020-04-20 17:12:58.708  INFO 38793 --- [main] o.s.s.concurrent.ThreadPoolTaskExecutor  : Initializing ExecutorService 'applicationTaskExecutor'
2020-04-20 17:12:58.973  INFO 38793 --- [main] o.s.s.c.ThreadPoolTaskScheduler          : Initializing ExecutorService
2020-04-20 17:12:59.073  INFO 38793 --- [main] o.s.b.w.embedded.tomcat.TomcatWebServer  : Tomcat started on port(s): 9091 (http) with context path ''
2020-04-20 17:12:59.148  INFO 38793 --- [main] o.s.b.w.embedded.tomcat.TomcatWebServer  : Tomcat initialized with port(s): 9092 (http)
2020-04-20 17:12:59.149  INFO 38793 --- [main] o.apache.catalina.core.StandardService   : Starting service [Tomcat]
2020-04-20 17:12:59.149  INFO 38793 --- [main] org.apache.catalina.core.StandardEngine  : Starting Servlet engine: [Apache Tomcat/9.0.33]
2020-04-20 17:12:59.164  INFO 38793 --- [main] o.a.c.c.C.[Tomcat-1].[localhost].[/]     : Initializing Spring embedded WebApplicationContext
2020-04-20 17:12:59.164  INFO 38793 --- [main] o.s.web.context.ContextLoader            : Root WebApplicationContext: initialization completed in 85 ms
2020-04-20 17:12:59.169  INFO 38793 --- [main] o.s.b.a.e.web.ServletEndpointRegistrar   : Registered '/mgmt/jolokia' to jolokia-actuator-endpoint
2020-04-20 17:12:59.179  INFO 38793 --- [main] o.s.b.a.e.web.EndpointLinksResolver      : Exposing 14 endpoint(s) beneath base path '/mgmt'
2020-04-20 17:12:59.228  INFO 38793 --- [main] o.s.b.w.embedded.tomcat.TomcatWebServer  : Tomcat started on port(s): 9092 (http) with context path ''
2020-04-20 17:12:59.233  INFO 38793 --- [main] c.j.s.SpringBootActuatorApplication      : Started SpringBootActuatorApplication in 8.636 seconds (JVM running for 8.975)
2020-04-20 17:12:59.342  WARN 38793 --- [registrationTask1] d.c.b.a.c.r.ApplicationRegistrator       : Failed to register application as Application(name=JBT-Actuator-DEMO, managementUrl=http://192.168.0.100:9092/mgmt, healthUrl=http://192.168.0.100:9092/mgmt/myhealth, serviceUrl=http://192.168.0.100:9091/) at spring-boot-admin ([http://localhost:1002/instances]): I/O error on POST request for "http://localhost:1002/instances": Connection refused; nested exception is java.net.ConnectException: Connection refused. Further attempts are logged on DEBUG level
2020-04-20 17:13:33.175  INFO 38793 --- [http-nio-9092-exec-1] o.a.c.c.C.[Tomcat-1].[localhost].[/]     : Initializing Spring DispatcherServlet 'dispatcherServlet'
2020-04-20 17:13:33.176  INFO 38793 --- [http-nio-9092-exec-1] o.s.web.servlet.DispatcherServlet        : Initializing Servlet 'dispatcherServlet'
2020-04-20 17:13:33.181  INFO 38793 --- [http-nio-9092-exec-1] o.s.web.servlet.DispatcherServlet        : Completed initialization in 5 ms
2020-04-20 17:16:14.221  INFO 38793 --- [SpringContextShutdownHook] o.s.s.c.ThreadPoolTaskScheduler          : Shutting down ExecutorService
2020-04-20 17:16:14.222  INFO 38793 --- [SpringContextShutdownHook] o.s.s.concurrent.ThreadPoolTaskExecutor  : Shutting down ExecutorService 'applicationTaskExecutor'
2020-04-20 17:16:14.223  INFO 38793 --- [SpringContextShutdownHook] j.LocalContainerEntityManagerFactoryBean : Closing JPA EntityManagerFactory for persistence unit 'default'
2020-04-20 17:16:14.223  INFO 38793 --- [SpringContextShutdownHook] .SchemaDropperImpl$DelayedDropActionImpl : HHH000477: Starting delayed evictData of schema as part of SessionFactory shut-down'
2020-04-20 17:16:14.225  INFO 38793 --- [SpringContextShutdownHook] com.zaxxer.hikari.HikariDataSource       : HikariPool-1 - Shutdown initiated...
2020-04-20 17:16:14.229  INFO 38793 --- [SpringContextShutdownHook] com.zaxxer.hikari.HikariDataSource       : HikariPool-1 - Shutdown completed.
2020-04-20 17:16:35.009  INFO 38869 --- [main] c.j.s.SpringBootActuatorApplication      : Starting SpringBootActuatorApplication on VNG-MacBook-Pro.local with PID 38869 (/Users/vivekanandgautam/Gautam/Workspace/IdeaWorkspace/spring-boot-wrapper/spring-boot-actuator/target/classes started by vivekanandgautam in /Users/vivekanandgautam/Gautam/Workspace/IdeaWorkspace/spring-boot-wrapper/spring-boot-actuator)
2020-04-20 17:16:35.012  INFO 38869 --- [main] c.j.s.SpringBootActuatorApplication      : No active profile set, falling back to default profiles: default
2020-04-20 17:16:35.771  INFO 38869 --- [main] .s.d.r.c.RepositoryConfigurationDelegate : Bootstrapping Spring Data JPA repositories in DEFAULT mode.
2020-04-20 17:16:35.792  INFO 38869 --- [main] .s.d.r.c.RepositoryConfigurationDelegate : Finished Spring Data repository scanning in 13ms. Found 0 JPA repository interfaces.
2020-04-20 17:16:36.337  INFO 38869 --- [main] o.s.b.w.embedded.tomcat.TomcatWebServer  : Tomcat initialized with port(s): 9091 (http)
2020-04-20 17:16:36.347  INFO 38869 --- [main] o.apache.catalina.core.StandardService   : Starting service [Tomcat]
2020-04-20 17:16:36.348  INFO 38869 --- [main] org.apache.catalina.core.StandardEngine  : Starting Servlet engine: [Apache Tomcat/9.0.33]
2020-04-20 17:16:36.441  INFO 38869 --- [main] o.a.c.c.C.[Tomcat].[localhost].[/]       : Initializing Spring embedded WebApplicationContext
2020-04-20 17:16:36.442  INFO 38869 --- [main] o.s.web.context.ContextLoader            : Root WebApplicationContext: initialization completed in 1388 ms
2020-04-20 17:16:36.633  INFO 38869 --- [main] com.zaxxer.hikari.HikariDataSource       : HikariPool-1 - Starting...
2020-04-20 17:16:36.794  INFO 38869 --- [main] com.zaxxer.hikari.HikariDataSource       : HikariPool-1 - Start completed.
2020-04-20 17:16:36.840  INFO 38869 --- [main] o.hibernate.jpa.internal.util.LogHelper  : HHH000204: Processing PersistenceUnitInfo [name: default]
2020-04-20 17:16:36.909  INFO 38869 --- [main] org.hibernate.Version                    : HHH000412: Hibernate ORM core version 5.4.12.Final
2020-04-20 17:16:37.032  INFO 38869 --- [main] o.hibernate.annotations.common.Version   : HCANN000001: Hibernate Commons Annotations {5.1.0.Final}
2020-04-20 17:16:37.151  INFO 38869 --- [main] org.hibernate.dialect.Dialect            : HHH000400: Using dialect: org.hibernate.dialect.H2Dialect
2020-04-20 17:16:37.353  INFO 38869 --- [main] o.h.e.t.j.p.i.JtaPlatformInitiator       : HHH000490: Using JtaPlatform implementation: [org.hibernate.engine.transaction.jta.platform.internal.NoJtaPlatform]
2020-04-20 17:16:37.359  INFO 38869 --- [main] j.LocalContainerEntityManagerFactoryBean : Initialized JPA EntityManagerFactory for persistence unit 'default'
2020-04-20 17:16:37.416  WARN 38869 --- [main] JpaBaseConfiguration$JpaWebConfiguration : spring.jpa.open-in-view is enabled by default. Therefore, database queries may be performed during view rendering. Explicitly configure spring.jpa.open-in-view to disable this warning
2020-04-20 17:16:37.606  INFO 38869 --- [main] o.s.s.web.DefaultSecurityFilterChain     : Creating filter chain: any request, [org.springframework.security.web.context.request.async.WebAsyncManagerIntegrationFilter@223cbf0d, org.springframework.security.web.context.SecurityContextPersistenceFilter@760a2b6e, org.springframework.security.web.header.HeaderWriterFilter@35ab4260, org.springframework.security.web.authentication.logout.LogoutFilter@97b5e6a, org.springframework.security.web.savedrequest.RequestCacheAwareFilter@6d617b07, org.springframework.security.web.servletapi.SecurityContextHolderAwareRequestFilter@14201a90, org.springframework.security.web.authentication.AnonymousAuthenticationFilter@4a4ff5ed, org.springframework.security.web.session.SessionManagementFilter@18faaff6, org.springframework.security.web.access.ExceptionTranslationFilter@22cd8ec2, org.springframework.security.web.access.intercept.FilterSecurityInterceptor@6533629]
2020-04-20 17:16:37.727  INFO 38869 --- [main] o.s.s.concurrent.ThreadPoolTaskExecutor  : Initializing ExecutorService 'applicationTaskExecutor'
2020-04-20 17:16:38.007  INFO 38869 --- [main] o.s.s.c.ThreadPoolTaskScheduler          : Initializing ExecutorService
2020-04-20 17:16:38.109  INFO 38869 --- [main] o.s.b.w.embedded.tomcat.TomcatWebServer  : Tomcat started on port(s): 9091 (http) with context path ''
2020-04-20 17:16:38.188  INFO 38869 --- [main] o.s.b.w.embedded.tomcat.TomcatWebServer  : Tomcat initialized with port(s): 9092 (http)
2020-04-20 17:16:38.189  INFO 38869 --- [main] o.apache.catalina.core.StandardService   : Starting service [Tomcat]
2020-04-20 17:16:38.190  INFO 38869 --- [main] org.apache.catalina.core.StandardEngine  : Starting Servlet engine: [Apache Tomcat/9.0.33]
2020-04-20 17:16:38.206  INFO 38869 --- [main] o.a.c.c.C.[Tomcat-1].[localhost].[/]     : Initializing Spring embedded WebApplicationContext
2020-04-20 17:16:38.206  INFO 38869 --- [main] o.s.web.context.ContextLoader            : Root WebApplicationContext: initialization completed in 94 ms
2020-04-20 17:16:38.212  INFO 38869 --- [main] o.s.b.a.e.web.ServletEndpointRegistrar   : Registered '/mgmt/jolokia' to jolokia-actuator-endpoint
2020-04-20 17:16:38.224  INFO 38869 --- [main] o.s.b.a.e.web.EndpointLinksResolver      : Exposing 14 endpoint(s) beneath base path '/mgmt'
2020-04-20 17:16:38.281  INFO 38869 --- [main] o.s.b.w.embedded.tomcat.TomcatWebServer  : Tomcat started on port(s): 9092 (http) with context path ''
2020-04-20 17:16:38.285  INFO 38869 --- [main] c.j.s.SpringBootActuatorApplication      : Started SpringBootActuatorApplication in 8.677 seconds (JVM running for 9.033)
2020-04-20 17:16:38.394  WARN 38869 --- [registrationTask1] d.c.b.a.c.r.ApplicationRegistrator       : Failed to register application as Application(name=JBT-Actuator-DEMO, managementUrl=http://192.168.0.100:9092/mgmt, healthUrl=http://192.168.0.100:9092/mgmt/myhealth, serviceUrl=http://192.168.0.100:9091/) at spring-boot-admin ([http://localhost:1002/instances]): I/O error on POST request for "http://localhost:1002/instances": Connection refused; nested exception is java.net.ConnectException: Connection refused. Further attempts are logged on DEBUG level
2020-04-20 17:20:12.183  INFO 38869 --- [http-nio-9092-exec-1] o.a.c.c.C.[Tomcat-1].[localhost].[/]     : Initializing Spring DispatcherServlet 'dispatcherServlet'
2020-04-20 17:20:12.184  INFO 38869 --- [http-nio-9092-exec-1] o.s.web.servlet.DispatcherServlet        : Initializing Servlet 'dispatcherServlet'
2020-04-20 17:20:12.190  INFO 38869 --- [http-nio-9092-exec-1] o.s.web.servlet.DispatcherServlet        : Completed initialization in 6 ms
